


materialPath: C:\Program Files\Steam\steamapps\danfolkes\team fortress 2\tf\materials
Loading H:\Code\git\rva-hammer-maps\reproduction\reproduction_vag.vmf
Patching WVT material: maps/reproduction_vag/coalmines/blendgroundtograss_coalmines_wvt_patch
fixing up env_cubemap materials on brush sides...
0...1...2...3...4...5...6...7...8...9...10
FindPortalSide: Couldn't find a good match for which brush to assign to a portal near (1024.0 -376.0 280.0)
Leaf 0 contents: 
Leaf 1 contents: CONTENTS_SOLID 
viscontents (node 0 contents ^ node 1 contents): CONTENTS_SOLID 
This means that none of the brushes in leaf 0 or 1 that touches the portal has CONTENTS_SOLID 
Check for a huge brush enclosing the coordinates above that has contents CONTENTS_SOLID 
Candidate brush IDs: Brush 8230: 


FindPortalSide: Couldn't find a good match for which brush to assign to a portal near (936.0 -336.0 280.0)
Leaf 0 contents: 
Leaf 1 contents: CONTENTS_SOLID 
viscontents (node 0 contents ^ node 1 contents): CONTENTS_SOLID 
This means that none of the brushes in leaf 0 or 1 that touches the portal has CONTENTS_SOLID 
Check for a huge brush enclosing the coordinates above that has contents CONTENTS_SOLID 
Candidate brush IDs: Brush 8230: 


FindPortalSide: Couldn't find a good match for which brush to assign to a portal near (936.0 -1024.0 280.0)
Leaf 0 contents: CONTENTS_SOLID 
Leaf 1 contents: 
viscontents (node 0 contents ^ node 1 contents): CONTENTS_SOLID 
This means that none of the brushes in leaf 0 or 1 that touches the portal has CONTENTS_SOLID 
Check for a huge brush enclosing the coordinates above that has contents CONTENTS_SOLID 
Candidate brush IDs: Brush 8230: 


FindPortalSide: Couldn't find a good match for which brush to assign to a portal near (1024.0 -848.1 280.0)
Leaf 0 contents: 
Leaf 1 contents: CONTENTS_SOLID 
viscontents (node 0 contents ^ node 1 contents): CONTENTS_SOLID 
This means that none of the brushes in leaf 0 or 1 that touches the portal has CONTENTS_SOLID 
Check for a huge brush enclosing the coordinates above that has contents CONTENTS_SOLID 
Candidate brush IDs: Brush 8230: 


FindPortalSide: Couldn't find a good match for which brush to assign to a portal near (-208.0 656.0 67.0)
Leaf 0 contents: CONTENTS_SOLID 
Leaf 1 contents: 
viscontents (node 0 contents ^ node 1 contents): CONTENTS_SOLID 
This means that none of the brushes in leaf 0 or 1 that touches the portal has CONTENTS_SOLID 
Check for a huge brush enclosing the coordinates above that has contents CONTENTS_SOLID 
Candidate brush IDs: Brush 5315: 


FindPortalSide: Couldn't find a good match for which brush to assign to a portal near (-199.9 656.0 64.0)
Leaf 0 contents: CONTENTS_SOLID 
Leaf 1 contents: 
viscontents (node 0 contents ^ node 1 contents): CONTENTS_SOLID 
This means that none of the brushes in leaf 0 or 1 that touches the portal has CONTENTS_SOLID 
Check for a huge brush enclosing the coordinates above that has contents CONTENTS_SOLID 
Candidate brush IDs: Brush 5315: 

0...1...2...3...4...5...6...7...8...9...10
FindPortalSide: Couldn't find a good match for which brush to assign to a portal near (1024.0 -376.0 280.0)
Leaf 0 contents: 
Leaf 1 contents: CONTENTS_SOLID 
viscontents (node 0 contents ^ node 1 contents): CONTENTS_SOLID 
This means that none of the brushes in leaf 0 or 1 that touches the portal has CONTENTS_SOLID 
Check for a huge brush enclosing the coordinates above that has contents CONTENTS_SOLID 
Candidate brush IDs: Brush 8230: 


FindPortalSide: Couldn't find a good match for which brush to assign to a portal near (936.0 -336.0 280.0)
Leaf 0 contents: 
Leaf 1 contents: CONTENTS_SOLID 
viscontents (node 0 contents ^ node 1 contents): CONTENTS_SOLID 
This means that none of the brushes in leaf 0 or 1 that touches the portal has CONTENTS_SOLID 
Check for a huge brush enclosing the coordinates above that has contents CONTENTS_SOLID 
Candidate brush IDs: Brush 8230: 

*** Suppressing further FindPortalSide errors.... ***
Processing areas...done (0)
Building Faces...done (0)
Chop Details...done (0)
Find Visible Detail Sides...done (0)
Merging details...done (0)
FixTjuncs...
PruneNodes...
WriteBSP...
done (0)
writing H:\Code\git\rva-hammer-maps\reproduction\reproduction_vag.prt...Building visibility clusters...
done (0)
Creating default LDR cubemaps for env_cubemap using skybox materials:
   skybox/sky_day01_01*.vmt
 ! Run buildcubemaps in the engine to get the correct cube maps.
Creating default HDR cubemaps for env_cubemap using skybox materials:
   skybox/sky_day01_01*.vmt
 ! Run buildcubemaps in the engine to get the correct cube maps.
Finding displacement neighbors...
Finding lightmap sample positions...
Displacement Alpha : 0...1...2...3...4...5...6...7...8...9...10
Building Physics collision data...
done (0) (227021 bytes)
Placing detail props : 0...1...2...3...4...5...6...7...8...9...10
Compacting texture/material tables...
Reduced 524 texinfos to 416
Reduced 9 texdatas to 8 (271 bytes to 232)
Writing H:\Code\git\rva-hammer-maps\reproduction\reproduction_vag.bsp
23 seconds elapsed



2 threads
reading h:\code\git\rva-hammer-maps\reproduction\reproduction_vag.bsp
reading h:\code\git\rva-hammer-maps\reproduction\reproduction_vag.prt
1209 portalclusters
3850 numportals
0...1...2...3...4...5...6...7...8...9...10Optimized: 53351 visible clusters (5.24%)
Total clusters visible: 1018924
Average clusters visible: 842
Building PAS...
Average clusters audible: 1104
visdatasize:359418  compressed from 367536
writing h:\code\git\rva-hammer-maps\reproduction\reproduction_vag.bsp
12 seconds elapsed



[Reading texlights from 'lights.rad']
[34 texlights parsed from 'lights.rad']

Loading h:\code\git\rva-hammer-maps\reproduction\reproduction_vag.bsp
3956 faces
1056003 square feet [152064480.00 square inches]
0 Displacements
0 Square Feet [0.00 Square Inches]
3956 patches before subdivision
60206 patches after subdivision
51 direct lights
0...1...2...3...4...5...6...7...8...9...100...1...2...3...4...5...6...7...8...9...10transfers 5863651, max 716
transfer lists:  44.7 megs
0...1...2...3...4...5...6...7...8...9...10	Bounce #1 added RGB(0, 0, 0)
Build Patch/Sample Hash Table(s).....Done<0.0291 sec>
0...1...2...3...4...5...6...7...8...9...10FinalLightFace Done
0 of 0 (0% of) surface lights went in leaf ambient cubes.
0...1...2...3...4...5...6...7...8...9...10Writing leaf ambient...done
Ready to Finish

Object names       Objects/Maxobjs  Memory / Maxmem  Fullness 
------------       ---------------  ---------------  -------- 
models                   1/1024           48/49152    ( 0.1%) 
brushes                657/8192         7884/98304    ( 8.0%) 
brushsides            4145/65536       33160/524288   ( 6.3%) 
planes                1236/65536       24720/1310720  ( 1.9%) 
vertexes              5695/65536       68340/786432   ( 8.7%) 
nodes                 2537/65536       81184/2097152  ( 3.9%) 
texinfos               416/12288       29952/884736   ( 3.4%) 
texdata                  8/2048          256/65536    ( 0.4%) 
dispinfos                0/0               0/0        ( 0.0%) 
disp_verts               0/0               0/0        ( 0.0%) 
disp_tris                0/0               0/0        ( 0.0%) 
disp_lmsamples           0/0               0/0        ( 0.0%) 
faces                 3956/65536      221536/3670016  ( 6.0%) 
hdr faces                0/65536           0/3670016  ( 0.0%) 
origfaces             2190/65536      122640/3670016  ( 3.3%) 
leaves                2539/65536       81248/2097152  ( 3.9%) 
leaffaces             4271/65536        8542/131072   ( 6.5%) 
leafbrushes           1955/65536        3910/131072   ( 3.0%) 
areas                    2/256            16/2048     ( 0.8%) 
surfedges            26772/512000     107088/2048000  ( 5.2%) 
edges                15186/256000      60744/1024000  ( 5.9%) 
LDR worldlights         51/8192         4488/720896   ( 0.6%) 
HDR worldlights          0/8192            0/720896   ( 0.0%) 
leafwaterdata            0/32768           0/393216   ( 0.0%) 
waterstrips            406/32768        4060/327680   ( 1.2%) 
waterverts               0/65536           0/786432   ( 0.0%) 
waterindices          5370/65536       10740/131072   ( 8.2%) 
cubemapsamples           0/1024            0/16384    ( 0.0%) 
overlays                 0/512             0/180224   ( 0.0%) 
LDR lightdata         [variable]     1903944/0        ( 0.0%) 
HDR lightdata         [variable]           0/0        ( 0.0%) 
visdata               [variable]      359418/16777216 ( 2.1%) 
entdata               [variable]       12098/393216   ( 3.1%) 
LDR ambient table     2539/65536       10156/262144   ( 3.9%) 
HDR ambient table     2539/65536       10156/262144   ( 3.9%) 
LDR leaf ambient      1209/65536       33852/1835008  ( 1.8%) 
HDR leaf ambient      2539/65536       71092/1835008  ( 3.9%) 
occluders                0/0               0/0        ( 0.0%) 
occluder polygons        0/0               0/0        ( 0.0%) 
occluder vert ind        0/0               0/0        ( 0.0%) 
detail props          [variable]           1/12       ( 8.3%) 
static props          [variable]           1/12       ( 8.3%) 
pakfile               [variable]      106185/0        ( 0.0%) 
physics               [variable]      227021/4194304  ( 5.4%) 
physics terrain       [variable]           2/1048576  ( 0.0%) 

Level flags = 0

Total triangle count: 10199
Writing h:\code\git\rva-hammer-maps\reproduction\reproduction_vag.bsp
2 minutes, 2 seconds elapsed



materialPath: C:\Program Files\Steam\steamapps\danfolkes\team fortress 2\tf\materials
Loading H:\Code\git\rva-hammer-maps\reproduction\reproduction_vag.vmf
Patching WVT material: maps/reproduction_vag/coalmines/blendgroundtograss_coalmines_wvt_patch
fixing up env_cubemap materials on brush sides...
0...1...2...3...4...5...6...7...8...9...10
FindPortalSide: Couldn't find a good match for which brush to assign to a portal near (936.0 -1024.0 280.0)
Leaf 0 contents: CONTENTS_SOLID 
Leaf 1 contents: 
viscontents (node 0 contents ^ node 1 contents): CONTENTS_SOLID 
This means that none of the brushes in leaf 0 or 1 that touches the portal has CONTENTS_SOLID 
Check for a huge brush enclosing the coordinates above that has contents CONTENTS_SOLID 
Candidate brush IDs: Brush 8230: 


FindPortalSide: Couldn't find a good match for which brush to assign to a portal near (1024.0 -848.1 280.0)
Leaf 0 contents: 
Leaf 1 contents: CONTENTS_SOLID 
viscontents (node 0 contents ^ node 1 contents): CONTENTS_SOLID 
This means that none of the brushes in leaf 0 or 1 that touches the portal has CONTENTS_SOLID 
Check for a huge brush enclosing the coordinates above that has contents CONTENTS_SOLID 
Candidate brush IDs: Brush 8230: 


FindPortalSide: Couldn't find a good match for which brush to assign to a portal near (-208.0 656.0 67.0)
Leaf 0 contents: CONTENTS_SOLID 
Leaf 1 contents: 
viscontents (node 0 contents ^ node 1 contents): CONTENTS_SOLID 
This means that none of the brushes in leaf 0 or 1 that touches the portal has CONTENTS_SOLID 
Check for a huge brush enclosing the coordinates above that has contents CONTENTS_SOLID 
Candidate brush IDs: Brush 5315: 


FindPortalSide: Couldn't find a good match for which brush to assign to a portal near (-199.9 656.0 64.0)
Leaf 0 contents: CONTENTS_SOLID 
Leaf 1 contents: 
viscontents (node 0 contents ^ node 1 contents): CONTENTS_SOLID 
This means that none of the brushes in leaf 0 or 1 that touches the portal has CONTENTS_SOLID 
Check for a huge brush enclosing the coordinates above that has contents CONTENTS_SOLID 
Candidate brush IDs: Brush 5315: 

0...1...2...3...4...5...6...7...8...9...10
FindPortalSide: Couldn't find a good match for which brush to assign to a portal near (936.0 -1024.0 280.0)
Leaf 0 contents: CONTENTS_SOLID 
Leaf 1 contents: 
viscontents (node 0 contents ^ node 1 contents): CONTENTS_SOLID 
This means that none of the brushes in leaf 0 or 1 that touches the portal has CONTENTS_SOLID 
Check for a huge brush enclosing the coordinates above that has contents CONTENTS_SOLID 
Candidate brush IDs: Brush 8230: 


FindPortalSide: Couldn't find a good match for which brush to assign to a portal near (1024.0 -848.1 280.0)
Leaf 0 contents: 
Leaf 1 contents: CONTENTS_SOLID 
viscontents (node 0 contents ^ node 1 contents): CONTENTS_SOLID 
This means that none of the brushes in leaf 0 or 1 that touches the portal has CONTENTS_SOLID 
Check for a huge brush enclosing the coordinates above that has contents CONTENTS_SOLID 
Candidate brush IDs: Brush 8230: 


FindPortalSide: Couldn't find a good match for which brush to assign to a portal near (-208.0 656.0 1.0)
Leaf 0 contents: CONTENTS_SOLID 
Leaf 1 contents: 
viscontents (node 0 contents ^ node 1 contents): CONTENTS_SOLID 
This means that none of the brushes in leaf 0 or 1 that touches the portal has CONTENTS_SOLID 
Check for a huge brush enclosing the coordinates above that has contents CONTENTS_SOLID 
Candidate brush IDs: Brush 5315: 


FindPortalSide: Couldn't find a good match for which brush to assign to a portal near (-199.9 656.0 64.0)
Leaf 0 contents: 
Leaf 1 contents: CONTENTS_SOLID 
viscontents (node 0 contents ^ node 1 contents): CONTENTS_SOLID 
This means that none of the brushes in leaf 0 or 1 that touches the portal has CONTENTS_SOLID 
Check for a huge brush enclosing the coordinates above that has contents CONTENTS_SOLID 
Candidate brush IDs: Brush 5315: 

*** Suppressing further FindPortalSide errors.... ***
Processing areas...done (0)
Building Faces...done (0)
Chop Details...done (0)
Find Visible Detail Sides...done (0)
Merging details...done (0)
FixTjuncs...
PruneNodes...
WriteBSP...
done (0)
writing H:\Code\git\rva-hammer-maps\reproduction\reproduction_vag.prt...Building visibility clusters...
done (0)
Creating default LDR cubemaps for env_cubemap using skybox materials:
   skybox/sky_day01_01*.vmt
 ! Run buildcubemaps in the engine to get the correct cube maps.
Creating default HDR cubemaps for env_cubemap using skybox materials:
   skybox/sky_day01_01*.vmt
 ! Run buildcubemaps in the engine to get the correct cube maps.
Finding displacement neighbors...
Finding lightmap sample positions...
Displacement Alpha : 0...1...2...3...4...5...6...7...8...9...10
Building Physics collision data...
done (0) (228365 bytes)
Placing detail props : 0...1...2...3...4...5...6...7...8...9...10
Compacting texture/material tables...
Reduced 519 texinfos to 421
Reduced 9 texdatas to 8 (271 bytes to 232)
Writing H:\Code\git\rva-hammer-maps\reproduction\reproduction_vag.bsp
14 seconds elapsed



2 threads
reading h:\code\git\rva-hammer-maps\reproduction\reproduction_vag.bsp
reading h:\code\git\rva-hammer-maps\reproduction\reproduction_vag.prt
1233 portalclusters
3909 numportals
0...1...2...3...4...5...6...7...8...9...10Optimized: 58853 visible clusters (5.59%)
Total clusters visible: 1053324
Average clusters visible: 854
Building PAS...
Average clusters audible: 1129
visdatasize:373477  compressed from 394560
writing h:\code\git\rva-hammer-maps\reproduction\reproduction_vag.bsp
22 seconds elapsed



materialPath: C:\Program Files\Steam\steamapps\danfolkes\team fortress 2\tf\materials
Loading H:\Code\git\rva-hammer-maps\reproduction\reproduction_vag.vmf
Patching WVT material: maps/reproduction_vag/coalmines/blendgroundtograss_coalmines_wvt_patch
fixing up env_cubemap materials on brush sides...
0...1...2...3...4...5...6...7...8...9...10
FindPortalSide: Couldn't find a good match for which brush to assign to a portal near (936.0 -1024.0 280.0)
Leaf 0 contents: CONTENTS_SOLID 
Leaf 1 contents: 
viscontents (node 0 contents ^ node 1 contents): CONTENTS_SOLID 
This means that none of the brushes in leaf 0 or 1 that touches the portal has CONTENTS_SOLID 
Check for a huge brush enclosing the coordinates above that has contents CONTENTS_SOLID 
Candidate brush IDs: Brush 8230: 


FindPortalSide: Couldn't find a good match for which brush to assign to a portal near (1024.0 -848.1 280.0)
Leaf 0 contents: 
Leaf 1 contents: CONTENTS_SOLID 
viscontents (node 0 contents ^ node 1 contents): CONTENTS_SOLID 
This means that none of the brushes in leaf 0 or 1 that touches the portal has CONTENTS_SOLID 
Check for a huge brush enclosing the coordinates above that has contents CONTENTS_SOLID 
Candidate brush IDs: Brush 8230: 


FindPortalSide: Couldn't find a good match for which brush to assign to a portal near (-208.0 656.0 67.0)
Leaf 0 contents: CONTENTS_SOLID 
Leaf 1 contents: 
viscontents (node 0 contents ^ node 1 contents): CONTENTS_SOLID 
This means that none of the brushes in leaf 0 or 1 that touches the portal has CONTENTS_SOLID 
Check for a huge brush enclosing the coordinates above that has contents CONTENTS_SOLID 
Candidate brush IDs: Brush 5315: 


FindPortalSide: Couldn't find a good match for which brush to assign to a portal near (-199.9 656.0 64.0)
Leaf 0 contents: CONTENTS_SOLID 
Leaf 1 contents: 
viscontents (node 0 contents ^ node 1 contents): CONTENTS_SOLID 
This means that none of the brushes in leaf 0 or 1 that touches the portal has CONTENTS_SOLID 
Check for a huge brush enclosing the coordinates above that has contents CONTENTS_SOLID 
Candidate brush IDs: Brush 5315: 

0...1...2...3...4...5...6...7...8...9...10
FindPortalSide: Couldn't find a good match for which brush to assign to a portal near (936.0 -1024.0 280.0)
Leaf 0 contents: CONTENTS_SOLID 
Leaf 1 contents: 
viscontents (node 0 contents ^ node 1 contents): CONTENTS_SOLID 
This means that none of the brushes in leaf 0 or 1 that touches the portal has CONTENTS_SOLID 
Check for a huge brush enclosing the coordinates above that has contents CONTENTS_SOLID 
Candidate brush IDs: Brush 8230: 


FindPortalSide: Couldn't find a good match for which brush to assign to a portal near (1024.0 -848.1 280.0)
Leaf 0 contents: 
Leaf 1 contents: CONTENTS_SOLID 
viscontents (node 0 contents ^ node 1 contents): CONTENTS_SOLID 
This means that none of the brushes in leaf 0 or 1 that touches the portal has CONTENTS_SOLID 
Check for a huge brush enclosing the coordinates above that has contents CONTENTS_SOLID 
Candidate brush IDs: Brush 8230: 


FindPortalSide: Couldn't find a good match for which brush to assign to a portal near (-208.0 656.0 1.0)
Leaf 0 contents: CONTENTS_SOLID 
Leaf 1 contents: 
viscontents (node 0 contents ^ node 1 contents): CONTENTS_SOLID 
This means that none of the brushes in leaf 0 or 1 that touches the portal has CONTENTS_SOLID 
Check for a huge brush enclosing the coordinates above that has contents CONTENTS_SOLID 
Candidate brush IDs: Brush 5315: 


FindPortalSide: Couldn't find a good match for which brush to assign to a portal near (-199.9 656.0 64.0)
Leaf 0 contents: 
Leaf 1 contents: CONTENTS_SOLID 
viscontents (node 0 contents ^ node 1 contents): CONTENTS_SOLID 
This means that none of the brushes in leaf 0 or 1 that touches the portal has CONTENTS_SOLID 
Check for a huge brush enclosing the coordinates above that has contents CONTENTS_SOLID 
Candidate brush IDs: Brush 5315: 

*** Suppressing further FindPortalSide errors.... ***
Processing areas...done (0)
Building Faces...done (0)
Chop Details...done (0)
Find Visible Detail Sides...done (0)
Merging details...done (0)
FixTjuncs...
PruneNodes...
WriteBSP...
done (0)
writing H:\Code\git\rva-hammer-maps\reproduction\reproduction_vag.prt...Building visibility clusters...
done (0)
Creating default LDR cubemaps for env_cubemap using skybox materials:
   skybox/sky_day01_01*.vmt
 ! Run buildcubemaps in the engine to get the correct cube maps.
Creating default HDR cubemaps for env_cubemap using skybox materials:
   skybox/sky_day01_01*.vmt
 ! Run buildcubemaps in the engine to get the correct cube maps.
Finding displacement neighbors...
Finding lightmap sample positions...
Displacement Alpha : 0...1...2...3...4...5...6...7...8...9...10
Building Physics collision data...
done (0) (228381 bytes)
Placing detail props : 0...1...2...3...4...5...6...7...8...9...10
Compacting texture/material tables...
Reduced 519 texinfos to 421
Reduced 9 texdatas to 8 (271 bytes to 232)
Writing H:\Code\git\rva-hammer-maps\reproduction\reproduction_vag.bsp
14 seconds elapsed



[Reading texlights from 'lights.rad']
[34 texlights parsed from 'lights.rad']

Loading h:\code\git\rva-hammer-maps\reproduction\reproduction_vag.bsp
No vis information, direct lighting only.
4067 faces
1061225 square feet [152816432.00 square inches]
0 Displacements
0 Square Feet [0.00 Square Inches]
55 direct lights
0...1...2...3...4...5...6...7...8...9...10Build Patch/Sample Hash Table(s).....Done<0.0198 sec>
0...1...2...3...4...5...6...7...8...9...10FinalLightFace Done
0 of 0 (0% of) surface lights went in leaf ambient cubes.
0...1...2...3...4...5...6...7...8...9...10Writing leaf ambient...done
Ready to Finish

Object names       Objects/Maxobjs  Memory / Maxmem  Fullness 
------------       ---------------  ---------------  -------- 
models                   1/1024           48/49152    ( 0.1%) 
brushes                661/8192         7932/98304    ( 8.1%) 
brushsides            4171/65536       33368/524288   ( 6.4%) 
planes                1268/65536       25360/1310720  ( 1.9%) 
vertexes              5853/65536       70236/786432   ( 8.9%) 
nodes                 2608/65536       83456/2097152  ( 4.0%) 
texinfos               421/12288       30312/884736   ( 3.4%) 
texdata                  8/2048          256/65536    ( 0.4%) 
dispinfos                0/0               0/0        ( 0.0%) 
disp_verts               0/0               0/0        ( 0.0%) 
disp_tris                0/0               0/0        ( 0.0%) 
disp_lmsamples           0/0               0/0        ( 0.0%) 
faces                 4067/65536      227752/3670016  ( 6.2%) 
hdr faces                0/65536           0/3670016  ( 0.0%) 
origfaces             2206/65536      123536/3670016  ( 3.4%) 
leaves                2610/65536       83520/2097152  ( 4.0%) 
leaffaces             4363/65536        8726/131072   ( 6.7%) 
leafbrushes           2031/65536        4062/131072   ( 3.1%) 
areas                    2/256            16/2048     ( 0.8%) 
surfedges            27351/512000     109404/2048000  ( 5.3%) 
edges                15466/256000      61864/1024000  ( 6.0%) 
LDR worldlights         55/8192         4840/720896   ( 0.7%) 
HDR worldlights          0/8192            0/720896   ( 0.0%) 
leafwaterdata            0/32768           0/393216   ( 0.0%) 
waterstrips            403/32768        4030/327680   ( 1.2%) 
waterverts               0/65536           0/786432   ( 0.0%) 
waterindices          5343/65536       10686/131072   ( 8.2%) 
cubemapsamples           0/1024            0/16384    ( 0.0%) 
overlays                 0/512             0/180224   ( 0.0%) 
LDR lightdata         [variable]     1852332/0        ( 0.0%) 
HDR lightdata         [variable]           0/0        ( 0.0%) 
visdata               [variable]           0/16777216 ( 0.0%) 
entdata               [variable]       12888/393216   ( 3.3%) 
LDR ambient table     2610/65536       10440/262144   ( 4.0%) 
HDR ambient table     2610/65536       10440/262144   ( 4.0%) 
LDR leaf ambient      1242/65536       34776/1835008  ( 1.9%) 
HDR leaf ambient      2610/65536       73080/1835008  ( 4.0%) 
occluders                0/0               0/0        ( 0.0%) 
occluder polygons        0/0               0/0        ( 0.0%) 
occluder vert ind        0/0               0/0        ( 0.0%) 
detail props          [variable]           1/12       ( 8.3%) 
static props          [variable]           1/12       ( 8.3%) 
pakfile               [variable]      106185/0        ( 0.0%) 
physics               [variable]      228381/4194304  ( 5.4%) 
physics terrain       [variable]           2/1048576  ( 0.0%) 

Level flags = 0

Total triangle count: 10491
Writing h:\code\git\rva-hammer-maps\reproduction\reproduction_vag.bsp
1 minute, 11 seconds elapsed



[Reading texlights from 'lights.rad']
[34 texlights parsed from 'lights.rad']

Loading h:\code\git\rva-hammer-maps\reproduction\reproduction_vag.bsp
No vis information, direct lighting only.
4067 faces
1061225 square feet [152816432.00 square inches]
0 Displacements
0 Square Feet [0.00 Square Inches]
55 direct lights
0...1...2...3...4...5...6...7...8...9...10Build Patch/Sample Hash Table(s).....Done<0.0194 sec>
0...1...2...3...4...5...6...7...8...9...10FinalLightFace Done
0 of 0 (0% of) surface lights went in leaf ambient cubes.
0...1...2...3...4...5...6...7...8...9...10Writing leaf ambient...done
Ready to Finish

Object names       Objects/Maxobjs  Memory / Maxmem  Fullness 
------------       ---------------  ---------------  -------- 
models                   1/1024           48/49152    ( 0.1%) 
brushes                661/8192         7932/98304    ( 8.1%) 
brushsides            4171/65536       33368/524288   ( 6.4%) 
planes                1268/65536       25360/1310720  ( 1.9%) 
vertexes              5853/65536       70236/786432   ( 8.9%) 
nodes                 2608/65536       83456/2097152  ( 4.0%) 
texinfos               421/12288       30312/884736   ( 3.4%) 
texdata                  8/2048          256/65536    ( 0.4%) 
dispinfos                0/0               0/0        ( 0.0%) 
disp_verts               0/0               0/0        ( 0.0%) 
disp_tris                0/0               0/0        ( 0.0%) 
disp_lmsamples           0/0               0/0        ( 0.0%) 
faces                 4067/65536      227752/3670016  ( 6.2%) 
hdr faces             4067/65536      227752/3670016  ( 6.2%) 
origfaces             2206/65536      123536/3670016  ( 3.4%) 
leaves                2610/65536       83520/2097152  ( 4.0%) 
leaffaces             4363/65536        8726/131072   ( 6.7%) 
leafbrushes           2031/65536        4062/131072   ( 3.1%) 
areas                    2/256            16/2048     ( 0.8%) 
surfedges            27351/512000     109404/2048000  ( 5.3%) 
edges                15466/256000      61864/1024000  ( 6.0%) 
LDR worldlights         55/8192         4840/720896   ( 0.7%) 
HDR worldlights         55/8192         4840/720896   ( 0.7%) 
leafwaterdata            0/32768           0/393216   ( 0.0%) 
waterstrips            403/32768        4030/327680   ( 1.2%) 
waterverts               0/65536           0/786432   ( 0.0%) 
waterindices          5343/65536       10686/131072   ( 8.2%) 
cubemapsamples           0/1024            0/16384    ( 0.0%) 
overlays                 0/512             0/180224   ( 0.0%) 
LDR lightdata         [variable]     1852332/0        ( 0.0%) 
HDR lightdata         [variable]     1852332/0        ( 0.0%) 
visdata               [variable]           0/16777216 ( 0.0%) 
entdata               [variable]       12888/393216   ( 3.3%) 
LDR ambient table     2610/65536       10440/262144   ( 4.0%) 
HDR ambient table     2610/65536       10440/262144   ( 4.0%) 
LDR leaf ambient      1242/65536       34776/1835008  ( 1.9%) 
HDR leaf ambient      1242/65536       34776/1835008  ( 1.9%) 
occluders                0/0               0/0        ( 0.0%) 
occluder polygons        0/0               0/0        ( 0.0%) 
occluder vert ind        0/0               0/0        ( 0.0%) 
detail props          [variable]           1/12       ( 8.3%) 
static props          [variable]           1/12       ( 8.3%) 
pakfile               [variable]      106185/0        ( 0.0%) 
physics               [variable]      228381/4194304  ( 5.4%) 
physics terrain       [variable]           2/1048576  ( 0.0%) 

Level flags = 0

Total triangle count: 10491
Writing h:\code\git\rva-hammer-maps\reproduction\reproduction_vag.bsp
1 minute, 8 seconds elapsed



materialPath: C:\Program Files\Steam\steamapps\danfolkes\team fortress 2\tf\materials
Loading H:\Code\git\rva-hammer-maps\reproduction\reproduction_vag.vmf
Patching WVT material: maps/reproduction_vag/coalmines/blendgroundtograss_coalmines_wvt_patch
fixing up env_cubemap materials on brush sides...
0...1...2...3...4...5...6...7...8...9...10
FindPortalSide: Couldn't find a good match for which brush to assign to a portal near (936.0 -1024.0 280.0)
Leaf 0 contents: CONTENTS_SOLID 
Leaf 1 contents: 
viscontents (node 0 contents ^ node 1 contents): CONTENTS_SOLID 
This means that none of the brushes in leaf 0 or 1 that touches the portal has CONTENTS_SOLID 
Check for a huge brush enclosing the coordinates above that has contents CONTENTS_SOLID 
Candidate brush IDs: Brush 8230: 


FindPortalSide: Couldn't find a good match for which brush to assign to a portal near (1024.0 -848.1 280.0)
Leaf 0 contents: 
Leaf 1 contents: CONTENTS_SOLID 
viscontents (node 0 contents ^ node 1 contents): CONTENTS_SOLID 
This means that none of the brushes in leaf 0 or 1 that touches the portal has CONTENTS_SOLID 
Check for a huge brush enclosing the coordinates above that has contents CONTENTS_SOLID 
Candidate brush IDs: Brush 8230: 


FindPortalSide: Couldn't find a good match for which brush to assign to a portal near (-208.0 656.0 67.0)
Leaf 0 contents: CONTENTS_SOLID 
Leaf 1 contents: 
viscontents (node 0 contents ^ node 1 contents): CONTENTS_SOLID 
This means that none of the brushes in leaf 0 or 1 that touches the portal has CONTENTS_SOLID 
Check for a huge brush enclosing the coordinates above that has contents CONTENTS_SOLID 
Candidate brush IDs: Brush 5315: 


FindPortalSide: Couldn't find a good match for which brush to assign to a portal near (-199.9 656.0 64.0)
Leaf 0 contents: CONTENTS_SOLID 
Leaf 1 contents: 
viscontents (node 0 contents ^ node 1 contents): CONTENTS_SOLID 
This means that none of the brushes in leaf 0 or 1 that touches the portal has CONTENTS_SOLID 
Check for a huge brush enclosing the coordinates above that has contents CONTENTS_SOLID 
Candidate brush IDs: Brush 5315: 

0...1...2...3...4...5...6...7...8...9...10
FindPortalSide: Couldn't find a good match for which brush to assign to a portal near (936.0 -1024.0 280.0)
Leaf 0 contents: CONTENTS_SOLID 
Leaf 1 contents: 
viscontents (node 0 contents ^ node 1 contents): CONTENTS_SOLID 
This means that none of the brushes in leaf 0 or 1 that touches the portal has CONTENTS_SOLID 
Check for a huge brush enclosing the coordinates above that has contents CONTENTS_SOLID 
Candidate brush IDs: Brush 8230: 


FindPortalSide: Couldn't find a good match for which brush to assign to a portal near (1024.0 -848.1 280.0)
Leaf 0 contents: 
Leaf 1 contents: CONTENTS_SOLID 
viscontents (node 0 contents ^ node 1 contents): CONTENTS_SOLID 
This means that none of the brushes in leaf 0 or 1 that touches the portal has CONTENTS_SOLID 
Check for a huge brush enclosing the coordinates above that has contents CONTENTS_SOLID 
Candidate brush IDs: Brush 8230: 


FindPortalSide: Couldn't find a good match for which brush to assign to a portal near (-208.0 656.0 1.0)
Leaf 0 contents: CONTENTS_SOLID 
Leaf 1 contents: 
viscontents (node 0 contents ^ node 1 contents): CONTENTS_SOLID 
This means that none of the brushes in leaf 0 or 1 that touches the portal has CONTENTS_SOLID 
Check for a huge brush enclosing the coordinates above that has contents CONTENTS_SOLID 
Candidate brush IDs: Brush 5315: 


FindPortalSide: Couldn't find a good match for which brush to assign to a portal near (-199.9 656.0 64.0)
Leaf 0 contents: 
Leaf 1 contents: CONTENTS_SOLID 
viscontents (node 0 contents ^ node 1 contents): CONTENTS_SOLID 
This means that none of the brushes in leaf 0 or 1 that touches the portal has CONTENTS_SOLID 
Check for a huge brush enclosing the coordinates above that has contents CONTENTS_SOLID 
Candidate brush IDs: Brush 5315: 

*** Suppressing further FindPortalSide errors.... ***
Processing areas...done (0)
Building Faces...done (0)
Chop Details...done (0)
Find Visible Detail Sides...done (0)
Merging details...done (0)
FixTjuncs...
PruneNodes...
WriteBSP...
done (0)
writing H:\Code\git\rva-hammer-maps\reproduction\reproduction_vag.prt...Building visibility clusters...
done (0)
Creating default LDR cubemaps for env_cubemap using skybox materials:
   skybox/sky_day01_01*.vmt
 ! Run buildcubemaps in the engine to get the correct cube maps.
Creating default HDR cubemaps for env_cubemap using skybox materials:
   skybox/sky_day01_01*.vmt
 ! Run buildcubemaps in the engine to get the correct cube maps.
Finding displacement neighbors...
Finding lightmap sample positions...
Displacement Alpha : 0...1...2...3...4...5...6...7...8...9...10
Building Physics collision data...
done (0) (248484 bytes)
Placing detail props : 0...1...2...3...4...5...6...7...8...9...10
Compacting texture/material tables...
Reduced 538 texinfos to 439
Reduced 10 texdatas to 9 (298 bytes to 259)
Writing H:\Code\git\rva-hammer-maps\reproduction\reproduction_vag.bsp
24 seconds elapsed



2 threads
reading h:\code\git\rva-hammer-maps\reproduction\reproduction_vag.bsp
reading h:\code\git\rva-hammer-maps\reproduction\reproduction_vag.prt
1808 portalclusters
6926 numportals
0...1...2...3...4...5...6...7...8...9...100...1...2..


[Reading texlights from 'lights.rad']
[34 texlights parsed from 'lights.rad']

Loading h:\code\git\rva-hammer-maps\reproduction\reproduction_vag.bsp
No vis information, direct lighting only.
4970 faces
1095944 square feet [157815968.00 square inches]
0 Displacements
0 Square Feet [0.00 Square Inches]
56 direct lights
0...1...2...3...4...5...6...7...8...9...10Build Patch/Sample Hash Table(s).....Done<0.0219 sec>
0...1...2...3...4...5...6...7...8...9...10FinalLightFace Done
0 of 0 (0% of) surface lights went in leaf ambient cubes.
0...1...2...3...4...5...6...7...8...9...10Writing leaf ambient...done
Ready to Finish

Object names       Objects/Maxobjs  Memory / Maxmem  Fullness 
------------       ---------------  ---------------  -------- 
models                   1/1024           48/49152    ( 0.1%) 
brushes                660/8192         7920/98304    ( 8.1%) 
brushsides            5159/65536       41272/524288   ( 7.9%) 
planes                3544/65536       70880/1310720  ( 5.4%) 
vertexes              7322/65536       87864/786432   (11.2%) 
nodes                 3458/65536      110656/2097152  ( 5.3%) 
texinfos               439/12288       31608/884736   ( 3.6%) 
texdata                  9/2048          288/65536    ( 0.4%) 
dispinfos                0/0               0/0        ( 0.0%) 
disp_verts               0/0               0/0        ( 0.0%) 
disp_tris                0/0               0/0        ( 0.0%) 
disp_lmsamples           0/0               0/0        ( 0.0%) 
faces                 4970/65536      278320/3670016  ( 7.6%) 
hdr faces                0/65536           0/3670016  ( 0.0%) 
origfaces             2538/65536      142128/3670016  ( 3.9%) 
leaves                3460/65536      110720/2097152  ( 5.3%) 
leaffaces             5544/65536       11088/131072   ( 8.5%) 
leafbrushes           2608/65536        5216/131072   ( 4.0%) 
areas                    2/256            16/2048     ( 0.8%) 
surfedges            33649/512000     134596/2048000  ( 6.6%) 
edges                18586/256000      74344/1024000  ( 7.3%) 
LDR worldlights         56/8192         4928/720896   ( 0.7%) 
HDR worldlights          0/8192            0/720896   ( 0.0%) 
leafwaterdata            0/32768           0/393216   ( 0.0%) 
waterstrips            465/32768        4650/327680   ( 1.4%) 
waterverts               0/65536           0/786432   ( 0.0%) 
waterindices          6255/65536       12510/131072   ( 9.5%) 
cubemapsamples           0/1024            0/16384    ( 0.0%) 
overlays                 0/512             0/180224   ( 0.0%) 
LDR lightdata         [variable]     2134812/0        ( 0.0%) 
HDR lightdata         [variable]           0/0        ( 0.0%) 
visdata               [variable]           0/16777216 ( 0.0%) 
entdata               [variable]       13108/393216   ( 3.3%) 
LDR ambient table     3460/65536       13840/262144   ( 5.3%) 
HDR ambient table     3460/65536       13840/262144   ( 5.3%) 
LDR leaf ambient      1808/65536       50624/1835008  ( 2.8%) 
HDR leaf ambient      3460/65536       96880/1835008  ( 5.3%) 
occluders                0/0               0/0        ( 0.0%) 
occluder polygons        0/0               0/0        ( 0.0%) 
occluder vert ind        0/0               0/0        ( 0.0%) 
detail props          [variable]           1/12       ( 8.3%) 
static props          [variable]           1/12       ( 8.3%) 
pakfile               [variable]      106185/0        ( 0.0%) 
physics               [variable]      248484/4194304  ( 5.9%) 
physics terrain       [variable]           2/1048576  ( 0.0%) 

Level flags = 0

Total triangle count: 13326
Writing h:\code\git\rva-hammer-maps\reproduction\reproduction_vag.bsp
1 minute, 21 seconds elapsed



[Reading texlights from 'lights.rad']
[34 texlights parsed from 'lights.rad']

Loading h:\code\git\rva-hammer-maps\reproduction\reproduction_vag.bsp
No vis information, direct lighting only.
4970 faces
1095944 square feet [157815968.00 square inches]
0 Displacements
0 Square Feet [0.00 Square Inches]
56 direct lights
0...1...2...3...4...5...6...7...8...9...10Build Patch/Sample Hash Table(s).....Done<0.0213 sec>
0...1...2...3...4...5...6...7...8...9...10FinalLightFace Done
0 of 0 (0% of) surface lights went in leaf ambient cubes.
0...1...2...3...4...5...6...7...8...9...10Writing leaf ambient...done
Ready to Finish

Object names       Objects/Maxobjs  Memory / Maxmem  Fullness 
------------       ---------------  ---------------  -------- 
models                   1/1024           48/49152    ( 0.1%) 
brushes                660/8192         7920/98304    ( 8.1%) 
brushsides            5159/65536       41272/524288   ( 7.9%) 
planes                3544/65536       70880/1310720  ( 5.4%) 
vertexes              7322/65536       87864/786432   (11.2%) 
nodes                 3458/65536      110656/2097152  ( 5.3%) 
texinfos               439/12288       31608/884736   ( 3.6%) 
texdata                  9/2048          288/65536    ( 0.4%) 
dispinfos                0/0               0/0        ( 0.0%) 
disp_verts               0/0               0/0        ( 0.0%) 
disp_tris                0/0               0/0        ( 0.0%) 
disp_lmsamples           0/0               0/0        ( 0.0%) 
faces                 4970/65536      278320/3670016  ( 7.6%) 
hdr faces             4970/65536      278320/3670016  ( 7.6%) 
origfaces             2538/65536      142128/3670016  ( 3.9%) 
leaves                3460/65536      110720/2097152  ( 5.3%) 
leaffaces             5544/65536       11088/131072   ( 8.5%) 
leafbrushes           2608/65536        5216/131072   ( 4.0%) 
areas                    2/256            16/2048     ( 0.8%) 
surfedges            33649/512000     134596/2048000  ( 6.6%) 
edges                18586/256000      74344/1024000  ( 7.3%) 
LDR worldlights         56/8192         4928/720896   ( 0.7%) 
HDR worldlights         56/8192         4928/720896   ( 0.7%) 
leafwaterdata            0/32768           0/393216   ( 0.0%) 
waterstrips            465/32768        4650/327680   ( 1.4%) 
waterverts               0/65536           0/786432   ( 0.0%) 
waterindices          6255/65536       12510/131072   ( 9.5%) 
cubemapsamples           0/1024            0/16384    ( 0.0%) 
overlays                 0/512             0/180224   ( 0.0%) 
LDR lightdata         [variable]     2134812/0        ( 0.0%) 
HDR lightdata         [variable]     2134812/0        ( 0.0%) 
visdata               [variable]           0/16777216 ( 0.0%) 
entdata               [variable]       13108/393216   ( 3.3%) 
LDR ambient table     3460/65536       13840/262144   ( 5.3%) 
HDR ambient table     3460/65536       13840/262144   ( 5.3%) 
LDR leaf ambient      1808/65536       50624/1835008  ( 2.8%) 
HDR leaf ambient      1808/65536       50624/1835008  ( 2.8%) 
occluders                0/0               0/0        ( 0.0%) 
occluder polygons        0/0               0/0        ( 0.0%) 
occluder vert ind        0/0               0/0        ( 0.0%) 
detail props          [variable]           1/12       ( 8.3%) 
static props          [variable]           1/12       ( 8.3%) 
pakfile               [variable]      106185/0        ( 0.0%) 
physics               [variable]      248484/4194304  ( 5.9%) 
physics terrain       [variable]           2/1048576  ( 0.0%) 

Level flags = 0

Total triangle count: 13326
Writing h:\code\git\rva-hammer-maps\reproduction\reproduction_vag.bsp
1 minute, 5 seconds elapsed



materialPath: C:\Program Files\Steam\steamapps\danfolkes\team fortress 2\tf\materials
Loading H:\Code\git\rva-hammer-maps\reproduction\reproduction_vag.vmf
0 seconds elapsed
