


materialPath: c:\program files (x86)\steam\steamapps\danfolkes\team fortress 2\tf\materials
Loading c:\users\dfolkes\documents\github\rva-hammer-maps\reproduction\reproduction.vmf
fixing up env_cubemap materials on brush sides...
0...1...2...3...4...5...6...7...8...9...10
FindPortalSide: Couldn't find a good match for which brush to assign to a portal near (-480.0 656.0 -44.0)
Leaf 0 contents: CONTENTS_SOLID 
Leaf 1 contents: 
viscontents (node 0 contents ^ node 1 contents): CONTENTS_SOLID 
This means that none of the brushes in leaf 0 or 1 that touches the portal has CONTENTS_SOLID 
Check for a huge brush enclosing the coordinates above that has contents CONTENTS_SOLID 
Candidate brush IDs: Brush 5315: 


FindPortalSide: Couldn't find a good match for which brush to assign to a portal near (-480.0 656.0 0.0)
Leaf 0 contents: CONTENTS_SOLID 
Leaf 1 contents: 
viscontents (node 0 contents ^ node 1 contents): CONTENTS_SOLID 
This means that none of the brushes in leaf 0 or 1 that touches the portal has CONTENTS_SOLID 
Check for a huge brush enclosing the coordinates above that has contents CONTENTS_SOLID 
Candidate brush IDs: Brush 5315: 


FindPortalSide: Couldn't find a good match for which brush to assign to a portal near (-480.0 656.0 52.0)
Leaf 0 contents: CONTENTS_SOLID 
Leaf 1 contents: 
viscontents (node 0 contents ^ node 1 contents): CONTENTS_SOLID 
This means that none of the brushes in leaf 0 or 1 that touches the portal has CONTENTS_SOLID 
Check for a huge brush enclosing the coordinates above that has contents CONTENTS_SOLID 
Candidate brush IDs: Brush 5315: 


FindPortalSide: Couldn't find a good match for which brush to assign to a portal near (-464.0 640.0 -52.0)
Leaf 0 contents: CONTENTS_SOLID 
Leaf 1 contents: 
viscontents (node 0 contents ^ node 1 contents): CONTENTS_SOLID 
This means that none of the brushes in leaf 0 or 1 that touches the portal has CONTENTS_SOLID 
Check for a huge brush enclosing the coordinates above that has contents CONTENTS_SOLID 
Candidate brush IDs: Brush 5315: 


FindPortalSide: Couldn't find a good match for which brush to assign to a portal near (0.0 512.0 204.0)
Leaf 0 contents: 
Leaf 1 contents: CONTENTS_SOLID 
viscontents (node 0 contents ^ node 1 contents): CONTENTS_SOLID 
This means that none of the brushes in leaf 0 or 1 that touches the portal has CONTENTS_SOLID 
Check for a huge brush enclosing the coordinates above that has contents CONTENTS_SOLID 
Candidate brush IDs: Brush 5357: 


FindPortalSide: Couldn't find a good match for which brush to assign to a portal near (0.0 512.0 196.0)
Leaf 0 contents: 
Leaf 1 contents: CONTENTS_SOLID 
viscontents (node 0 contents ^ node 1 contents): CONTENTS_SOLID 
This means that none of the brushes in leaf 0 or 1 that touches the portal has CONTENTS_SOLID 
Check for a huge brush enclosing the coordinates above that has contents CONTENTS_SOLID 
Candidate brush IDs: Brush 5352: 


FindPortalSide: Couldn't find a good match for which brush to assign to a portal near (0.0 512.0 188.0)
Leaf 0 contents: 
Leaf 1 contents: CONTENTS_SOLID 
viscontents (node 0 contents ^ node 1 contents): CONTENTS_SOLID 
This means that none of the brushes in leaf 0 or 1 that touches the portal has CONTENTS_SOLID 
Check for a huge brush enclosing the coordinates above that has contents CONTENTS_SOLID 
Candidate brush IDs: Brush 5347: 


FindPortalSide: Couldn't find a good match for which brush to assign to a portal near (0.0 512.0 180.0)
Leaf 0 contents: 
Leaf 1 contents: CONTENTS_SOLID 
viscontents (node 0 contents ^ node 1 contents): CONTENTS_SOLID 
This means that none of the brushes in leaf 0 or 1 that touches the portal has CONTENTS_SOLID 
Check for a huge brush enclosing the coordinates above that has contents CONTENTS_SOLID 
Candidate brush IDs: Brush 5342: 

*** Suppressing further FindPortalSide errors.... ***
0...1...2...3...4...5...6...7...8...9...10Processing areas...done (0)
Building Faces...done (0)
FixTjuncs...
PruneNodes...
WriteBSP...
done (0)
writing c:\users\dfolkes\documents\github\rva-hammer-maps\reproduction\reproduction.prt...Building visibility clusters...
done (0)
Creating default LDR cubemaps for env_cubemap using skybox materials:
   skybox/sky_day01_01*.vmt
 ! Run buildcubemaps in the engine to get the correct cube maps.
Creating default HDR cubemaps for env_cubemap using skybox materials:
   skybox/sky_day01_01*.vmt
 ! Run buildcubemaps in the engine to get the correct cube maps.
Finding displacement neighbors...
Finding lightmap sample positions...
Displacement Alpha : 0...1...2...3...4...5...6...7...8...9...10
Building Physics collision data...
done (0) (229250 bytes)
Placing detail props : 0...1...2...3...4...5...6...7...8...9...10
Compacting texture/material tables...
Reduced 317 texinfos to 307
Reduced 3 texdatas to 3 (72 bytes to 72)
Writing c:\users\dfolkes\documents\github\rva-hammer-maps\reproduction\reproduction.bsp
1 second elapsed



4 threads
reading c:\users\dfolkes\documents\github\rva-hammer-maps\reproduction\reproduction.bsp
reading c:\users\dfolkes\documents\github\rva-hammer-maps\reproduction\reproduction.prt
1053 portalclusters
3371 numportals
0...1...2...3...4...5...6...7...8...9...10Optimized: 13630 visible clusters (1.77%)
Total clusters visible: 768731
Average clusters visible: 730
Building PAS...
Average clusters audible: 879
visdatasize:269030  compressed from 286416
writing c:\users\dfolkes\documents\github\rva-hammer-maps\reproduction\reproduction.bsp
1 second elapsed



[Reading texlights from 'lights.rad']
[34 texlights parsed from 'lights.rad']

Loading c:\users\dfolkes\documents\github\rva-hammer-maps\reproduction\reproduction.bsp
3582 faces
979998 square feet [141119712.00 square inches]
0 Displacements
0 Square Feet [0.00 Square Inches]
3582 patches before subdivision
48296 patches after subdivision
51 direct lights
0...1...2...3...4...5...6...7...8...9...100...1...2...3...4...5...6...7...8...9...10transfers 4073123, max 717
transfer lists:  31.1 megs
0...1...2...3...4...5...6...7...8...9...10	Bounce #1 added RGB(0, 0, 0)
Build Patch/Sample Hash Table(s).....Done<0.0182 sec>
0...1...2...3...4...5...6...7...8...9...10FinalLightFace Done
0 of 0 (0% of) surface lights went in leaf ambient cubes.
0...1...2...3...4...5...6...7...8...9...10Writing leaf ambient...done
Ready to Finish

Object names       Objects/Maxobjs  Memory / Maxmem  Fullness 
------------       ---------------  ---------------  -------- 
models                   1/1024           48/49152    ( 0.1%) 
brushes                665/8192         7980/98304    ( 8.1%) 
brushsides            4098/65536       32784/524288   ( 6.3%) 
planes                 976/65536       19520/1310720  ( 1.5%) 
vertexes              5225/65536       62700/786432   ( 8.0%) 
nodes                 2163/65536       69216/2097152  ( 3.3%) 
texinfos               307/12288       22104/884736   ( 2.5%) 
texdata                  3/2048           96/65536    ( 0.1%) 
dispinfos                0/0               0/0        ( 0.0%) 
disp_verts               0/0               0/0        ( 0.0%) 
disp_tris                0/0               0/0        ( 0.0%) 
disp_lmsamples           0/0               0/0        ( 0.0%) 
faces                 3582/65536      200592/3670016  ( 5.5%) 
hdr faces                0/65536           0/3670016  ( 0.0%) 
origfaces             2233/65536      125048/3670016  ( 3.4%) 
leaves                2165/65536       69280/2097152  ( 3.3%) 
leaffaces             3944/65536        7888/131072   ( 6.0%) 
leafbrushes           1578/65536        3156/131072   ( 2.4%) 
areas                    2/256            16/2048     ( 0.8%) 
surfedges            25184/512000     100736/2048000  ( 4.9%) 
edges                14446/256000      57784/1024000  ( 5.6%) 
LDR worldlights         51/8192         4488/720896   ( 0.6%) 
HDR worldlights          0/8192            0/720896   ( 0.0%) 
leafwaterdata            0/32768           0/393216   ( 0.0%) 
waterstrips            337/32768        3370/327680   ( 1.0%) 
waterverts               0/65536           0/786432   ( 0.0%) 
waterindices          4632/65536        9264/131072   ( 7.1%) 
cubemapsamples           0/1024            0/16384    ( 0.0%) 
overlays                 0/512             0/180224   ( 0.0%) 
LDR lightdata         [variable]     1167740/0        ( 0.0%) 
HDR lightdata         [variable]           0/0        ( 0.0%) 
visdata               [variable]      269030/16777216 ( 1.6%) 
entdata               [variable]       10837/393216   ( 2.8%) 
LDR ambient table     2165/65536        8660/262144   ( 3.3%) 
HDR ambient table     2165/65536        8660/262144   ( 3.3%) 
LDR leaf ambient      1053/65536       29484/1835008  ( 1.6%) 
HDR leaf ambient      2165/65536       60620/1835008  ( 3.3%) 
occluders                0/0               0/0        ( 0.0%) 
occluder polygons        0/0               0/0        ( 0.0%) 
occluder vert ind        0/0               0/0        ( 0.0%) 
detail props          [variable]           1/12       ( 8.3%) 
static props          [variable]           1/12       ( 8.3%) 
pakfile               [variable]      105679/0        ( 0.0%) 
physics               [variable]      229250/4194304  ( 5.5%) 
physics terrain       [variable]           2/1048576  ( 0.0%) 

Level flags = 0

Total triangle count: 9188
Writing c:\users\dfolkes\documents\github\rva-hammer-maps\reproduction\reproduction.bsp
36 seconds elapsed



materialPath: c:\program files (x86)\steam\steamapps\danfolkes\team fortress 2\tf\materials
Loading c:\users\dfolkes\documents\github\rva-hammer-maps\reproduction\reproduction.vmf
fixing up env_cubemap materials on brush sides...
0...1...2...3...4...5...6...7...8...9...10
FindPortalSide: Couldn't find a good match for which brush to assign to a portal near (-480.0 656.0 -44.0)
Leaf 0 contents: CONTENTS_SOLID 
Leaf 1 contents: 
viscontents (node 0 contents ^ node 1 contents): CONTENTS_SOLID 
This means that none of the brushes in leaf 0 or 1 that touches the portal has CONTENTS_SOLID 
Check for a huge brush enclosing the coordinates above that has contents CONTENTS_SOLID 
Candidate brush IDs: Brush 5315: 


FindPortalSide: Couldn't find a good match for which brush to assign to a portal near (-480.0 656.0 0.0)
Leaf 0 contents: CONTENTS_SOLID 
Leaf 1 contents: 
viscontents (node 0 contents ^ node 1 contents): CONTENTS_SOLID 
This means that none of the brushes in leaf 0 or 1 that touches the portal has CONTENTS_SOLID 
Check for a huge brush enclosing the coordinates above that has contents CONTENTS_SOLID 
Candidate brush IDs: Brush 5315: 


FindPortalSide: Couldn't find a good match for which brush to assign to a portal near (-480.0 656.0 52.0)
Leaf 0 contents: CONTENTS_SOLID 
Leaf 1 contents: 
viscontents (node 0 contents ^ node 1 contents): CONTENTS_SOLID 
This means that none of the brushes in leaf 0 or 1 that touches the portal has CONTENTS_SOLID 
Check for a huge brush enclosing the coordinates above that has contents CONTENTS_SOLID 
Candidate brush IDs: Brush 5315: 


FindPortalSide: Couldn't find a good match for which brush to assign to a portal near (-464.0 640.0 -52.0)
Leaf 0 contents: CONTENTS_SOLID 
Leaf 1 contents: 
viscontents (node 0 contents ^ node 1 contents): CONTENTS_SOLID 
This means that none of the brushes in leaf 0 or 1 that touches the portal has CONTENTS_SOLID 
Check for a huge brush enclosing the coordinates above that has contents CONTENTS_SOLID 
Candidate brush IDs: Brush 5315: 


FindPortalSide: Couldn't find a good match for which brush to assign to a portal near (0.0 512.0 204.0)
Leaf 0 contents: 
Leaf 1 contents: CONTENTS_SOLID 
viscontents (node 0 contents ^ node 1 contents): CONTENTS_SOLID 
This means that none of the brushes in leaf 0 or 1 that touches the portal has CONTENTS_SOLID 
Check for a huge brush enclosing the coordinates above that has contents CONTENTS_SOLID 
Candidate brush IDs: Brush 5357: 


FindPortalSide: Couldn't find a good match for which brush to assign to a portal near (0.0 512.0 196.0)
Leaf 0 contents: 
Leaf 1 contents: CONTENTS_SOLID 
viscontents (node 0 contents ^ node 1 contents): CONTENTS_SOLID 
This means that none of the brushes in leaf 0 or 1 that touches the portal has CONTENTS_SOLID 
Check for a huge brush enclosing the coordinates above that has contents CONTENTS_SOLID 
Candidate brush IDs: Brush 5352: 


FindPortalSide: Couldn't find a good match for which brush to assign to a portal near (0.0 512.0 188.0)
Leaf 0 contents: 
Leaf 1 contents: CONTENTS_SOLID 
viscontents (node 0 contents ^ node 1 contents): CONTENTS_SOLID 
This means that none of the brushes in leaf 0 or 1 that touches the portal has CONTENTS_SOLID 
Check for a huge brush enclosing the coordinates above that has contents CONTENTS_SOLID 
Candidate brush IDs: Brush 5347: 


FindPortalSide: Couldn't find a good match for which brush to assign to a portal near (0.0 512.0 180.0)
Leaf 0 contents: 
Leaf 1 contents: CONTENTS_SOLID 
viscontents (node 0 contents ^ node 1 contents): CONTENTS_SOLID 
This means that none of the brushes in leaf 0 or 1 that touches the portal has CONTENTS_SOLID 
Check for a huge brush enclosing the coordinates above that has contents CONTENTS_SOLID 
Candidate brush IDs: Brush 5342: 

*** Suppressing further FindPortalSide errors.... ***
0...1...2...3...4...5...6...7...8...9...10Processing areas...done (0)
Building Faces...done (0)
FixTjuncs...
PruneNodes...
WriteBSP...
done (0)
writing c:\users\dfolkes\documents\github\rva-hammer-maps\reproduction\reproduction.prt...Building visibility clusters...
done (0)
Creating default LDR cubemaps for env_cubemap using skybox materials:
   skybox/sky_day01_01*.vmt
 ! Run buildcubemaps in the engine to get the correct cube maps.
Creating default HDR cubemaps for env_cubemap using skybox materials:
   skybox/sky_day01_01*.vmt
 ! Run buildcubemaps in the engine to get the correct cube maps.
Finding displacement neighbors...
Finding lightmap sample positions...
Displacement Alpha : 0...1...2...3...4...5...6...7...8...9...10
Building Physics collision data...
done (0) (229250 bytes)
Placing detail props : 0...1...2...3...4...5...6...7...8...9...10
Compacting texture/material tables...
Reduced 317 texinfos to 307
Reduced 3 texdatas to 3 (72 bytes to 72)
Writing c:\users\dfolkes\documents\github\rva-hammer-maps\reproduction\reproduction.bsp
1 second elapsed



4 threads
reading c:\users\dfolkes\documents\github\rva-hammer-maps\reproduction\reproduction.bsp
reading c:\users\dfolkes\documents\github\rva-hammer-maps\reproduction\reproduction.prt
1053 portalclusters
3371 numportals
0...1...2...3...4...5...6...7...8...9...10Optimized: 13630 visible clusters (1.77%)
Total clusters visible: 768731
Average clusters visible: 730
Building PAS...
Average clusters audible: 879
visdatasize:269030  compressed from 286416
writing c:\users\dfolkes\documents\github\rva-hammer-maps\reproduction\reproduction.bsp
1 second elapsed



[Reading texlights from 'lights.rad']
[34 texlights parsed from 'lights.rad']

Loading c:\users\dfolkes\documents\github\rva-hammer-maps\reproduction\reproduction.bsp
3582 faces
979998 square feet [141119712.00 square inches]
0 Displacements
0 Square Feet [0.00 Square Inches]
3582 patches before subdivision
48296 patches after subdivision
51 direct lights
0...1...2...3...4...5...6...7...8...9...100...1...2...3...4...5...6...7...8...9...10transfers 4073123, max 717
transfer lists:  31.1 megs
0...1...2...3...4...5...6...7...8...9...10	Bounce #1 added RGB(0, 0, 0)
Build Patch/Sample Hash Table(s).....Done<0.0177 sec>
0...1...2...3...4...5...6...7...8...9...10FinalLightFace Done
0 of 0 (0% of) surface lights went in leaf ambient cubes.
0...1...2...3...4...5...6...7...8...9...10Writing leaf ambient...done
Ready to Finish

Object names       Objects/Maxobjs  Memory / Maxmem  Fullness 
------------       ---------------  ---------------  -------- 
models                   1/1024           48/49152    ( 0.1%) 
brushes                665/8192         7980/98304    ( 8.1%) 
brushsides            4098/65536       32784/524288   ( 6.3%) 
planes                 976/65536       19520/1310720  ( 1.5%) 
vertexes              5225/65536       62700/786432   ( 8.0%) 
nodes                 2163/65536       69216/2097152  ( 3.3%) 
texinfos               307/12288       22104/884736   ( 2.5%) 
texdata                  3/2048           96/65536    ( 0.1%) 
dispinfos                0/0               0/0        ( 0.0%) 
disp_verts               0/0               0/0        ( 0.0%) 
disp_tris                0/0               0/0        ( 0.0%) 
disp_lmsamples           0/0               0/0        ( 0.0%) 
faces                 3582/65536      200592/3670016  ( 5.5%) 
hdr faces                0/65536           0/3670016  ( 0.0%) 
origfaces             2233/65536      125048/3670016  ( 3.4%) 
leaves                2165/65536       69280/2097152  ( 3.3%) 
leaffaces             3944/65536        7888/131072   ( 6.0%) 
leafbrushes           1578/65536        3156/131072   ( 2.4%) 
areas                    2/256            16/2048     ( 0.8%) 
surfedges            25184/512000     100736/2048000  ( 4.9%) 
edges                14446/256000      57784/1024000  ( 5.6%) 
LDR worldlights         51/8192         4488/720896   ( 0.6%) 
HDR worldlights          0/8192            0/720896   ( 0.0%) 
leafwaterdata            0/32768           0/393216   ( 0.0%) 
waterstrips            337/32768        3370/327680   ( 1.0%) 
waterverts               0/65536           0/786432   ( 0.0%) 
waterindices          4632/65536        9264/131072   ( 7.1%) 
cubemapsamples           0/1024            0/16384    ( 0.0%) 
overlays                 0/512             0/180224   ( 0.0%) 
LDR lightdata         [variable]     1167740/0        ( 0.0%) 
HDR lightdata         [variable]           0/0        ( 0.0%) 
visdata               [variable]      269030/16777216 ( 1.6%) 
entdata               [variable]       10928/393216   ( 2.8%) 
LDR ambient table     2165/65536        8660/262144   ( 3.3%) 
HDR ambient table     2165/65536        8660/262144   ( 3.3%) 
LDR leaf ambient      1053/65536       29484/1835008  ( 1.6%) 
HDR leaf ambient      2165/65536       60620/1835008  ( 3.3%) 
occluders                0/0               0/0        ( 0.0%) 
occluder polygons        0/0               0/0        ( 0.0%) 
occluder vert ind        0/0               0/0        ( 0.0%) 
detail props          [variable]           1/12       ( 8.3%) 
static props          [variable]           1/12       ( 8.3%) 
pakfile               [variable]      105679/0        ( 0.0%) 
physics               [variable]      229250/4194304  ( 5.5%) 
physics terrain       [variable]           2/1048576  ( 0.0%) 

Level flags = 0

Total triangle count: 9188
Writing c:\users\dfolkes\documents\github\rva-hammer-maps\reproduction\reproduction.bsp
36 seconds elapsed



materialPath: c:\program files (x86)\steam\steamapps\danfolkes\team fortress 2\tf\materials
Loading c:\users\dfolkes\documents\github\rva-hammer-maps\reproduction\reproduction.vmf
fixing up env_cubemap materials on brush sides...
0...1...2...3...4...5...6...7...8...9...10
FindPortalSide: Couldn't find a good match for which brush to assign to a portal near (-480.0 656.0 -47.0)
Leaf 0 contents: CONTENTS_SOLID 
Leaf 1 contents: 
viscontents (node 0 contents ^ node 1 contents): CONTENTS_SOLID 
This means that none of the brushes in leaf 0 or 1 that touches the portal has CONTENTS_SOLID 
Check for a huge brush enclosing the coordinates above that has contents CONTENTS_SOLID 
Candidate brush IDs: Brush 5315: 


FindPortalSide: Couldn't find a good match for which brush to assign to a portal near (-480.0 656.0 0.0)
Leaf 0 contents: CONTENTS_SOLID 
Leaf 1 contents: 
viscontents (node 0 contents ^ node 1 contents): CONTENTS_SOLID 
This means that none of the brushes in leaf 0 or 1 that touches the portal has CONTENTS_SOLID 
Check for a huge brush enclosing the coordinates above that has contents CONTENTS_SOLID 
Candidate brush IDs: Brush 5315: 


FindPortalSide: Couldn't find a good match for which brush to assign to a portal near (-480.0 656.0 51.0)
Leaf 0 contents: CONTENTS_SOLID 
Leaf 1 contents: 
viscontents (node 0 contents ^ node 1 contents): CONTENTS_SOLID 
This means that none of the brushes in leaf 0 or 1 that touches the portal has CONTENTS_SOLID 
Check for a huge brush enclosing the coordinates above that has contents CONTENTS_SOLID 
Candidate brush IDs: Brush 5315: 


FindPortalSide: Couldn't find a good match for which brush to assign to a portal near (-464.0 640.0 -55.0)
Leaf 0 contents: CONTENTS_SOLID 
Leaf 1 contents: 
viscontents (node 0 contents ^ node 1 contents): CONTENTS_SOLID 
This means that none of the brushes in leaf 0 or 1 that touches the portal has CONTENTS_SOLID 
Check for a huge brush enclosing the coordinates above that has contents CONTENTS_SOLID 
Candidate brush IDs: Brush 5315: 


FindPortalSide: Couldn't find a good match for which brush to assign to a portal near (-432.0 640.0 -59.0)
Leaf 0 contents: CONTENTS_SOLID 
Leaf 1 contents: 
viscontents (node 0 contents ^ node 1 contents): CONTENTS_SOLID 
This means that none of the brushes in leaf 0 or 1 that touches the portal has CONTENTS_SOLID 
Check for a huge brush enclosing the coordinates above that has contents CONTENTS_SOLID 
Candidate brush IDs: Brush 5315: 


FindPortalSide: Couldn't find a good match for which brush to assign to a portal near (0.0 512.0 204.0)
Leaf 0 contents: 
Leaf 1 contents: CONTENTS_SOLID 
viscontents (node 0 contents ^ node 1 contents): CONTENTS_SOLID 
This means that none of the brushes in leaf 0 or 1 that touches the portal has CONTENTS_SOLID 
Check for a huge brush enclosing the coordinates above that has contents CONTENTS_SOLID 
Candidate brush IDs: Brush 5357: 


FindPortalSide: Couldn't find a good match for which brush to assign to a portal near (0.0 512.0 196.0)
Leaf 0 contents: 
Leaf 1 contents: CONTENTS_SOLID 
viscontents (node 0 contents ^ node 1 contents): CONTENTS_SOLID 
This means that none of the brushes in leaf 0 or 1 that touches the portal has CONTENTS_SOLID 
Check for a huge brush enclosing the coordinates above that has contents CONTENTS_SOLID 
Candidate brush IDs: Brush 5352: 


FindPortalSide: Couldn't find a good match for which brush to assign to a portal near (0.0 512.0 188.0)
Leaf 0 contents: 
Leaf 1 contents: CONTENTS_SOLID 
viscontents (node 0 contents ^ node 1 contents): CONTENTS_SOLID 
This means that none of the brushes in leaf 0 or 1 that touches the portal has CONTENTS_SOLID 
Check for a huge brush enclosing the coordinates above that has contents CONTENTS_SOLID 
Candidate brush IDs: Brush 5347: 

*** Suppressing further FindPortalSide errors.... ***
0...1...2...3...4...5...6...7...8...9...10Processing areas...done (0)
Building Faces...done (0)
FixTjuncs...
PruneNodes...
WriteBSP...
done (0)
writing c:\users\dfolkes\documents\github\rva-hammer-maps\reproduction\reproduction.prt...Building visibility clusters...
done (0)
Creating default LDR cubemaps for env_cubemap using skybox materials:
   skybox/sky_day01_01*.vmt
 ! Run buildcubemaps in the engine to get the correct cube maps.
Creating default HDR cubemaps for env_cubemap using skybox materials:
   skybox/sky_day01_01*.vmt
 ! Run buildcubemaps in the engine to get the correct cube maps.
Finding displacement neighbors...
Finding lightmap sample positions...
Displacement Alpha : 0...1...2...3...4...5...6...7...8...9...10
Building Physics collision data...
done (1) (229250 bytes)
Placing detail props : 0...1...2...3...4...5...6...7...8...9...10
Compacting texture/material tables...
Reduced 317 texinfos to 307
Reduced 3 texdatas to 3 (72 bytes to 72)
Writing c:\users\dfolkes\documents\github\rva-hammer-maps\reproduction\reproduction.bsp
2 seconds elapsed



4 threads
reading c:\users\dfolkes\documents\github\rva-hammer-maps\reproduction\reproduction.bsp
reading c:\users\dfolkes\documents\github\rva-hammer-maps\reproduction\reproduction.prt
1054 portalclusters
3372 numportals
0...1...2...3...4...5...6...7...8...9...10Optimized: 11065 visible clusters (1.42%)
Total clusters visible: 778933
Average clusters visible: 739
Building PAS...
Average clusters audible: 881
visdatasize:269937  compressed from 286688
writing c:\users\dfolkes\documents\github\rva-hammer-maps\reproduction\reproduction.bsp
1 second elapsed



[Reading texlights from 'lights.rad']
[34 texlights parsed from 'lights.rad']

Loading c:\users\dfolkes\documents\github\rva-hammer-maps\reproduction\reproduction.bsp
3595 faces
980308 square feet [141164448.00 square inches]
0 Displacements
0 Square Feet [0.00 Square Inches]
3595 patches before subdivision
48373 patches after subdivision
51 direct lights
0...1...2...3...4...5...6...7...8...9...100...1...2...3...4...5...6...7...8...9...10transfers 4096064, max 724
transfer lists:  31.3 megs
0...1...2...3...4...5...6...7...8...9...10	Bounce #1 added RGB(0, 0, 0)
Build Patch/Sample Hash Table(s).....Done<0.0187 sec>
0...1...2...3...4...5...6...7...8...9...10FinalLightFace Done
0 of 0 (0% of) surface lights went in leaf ambient cubes.
0...1...2...3...4...5...6...7...8...9...10Writing leaf ambient...done
Ready to Finish

Object names       Objects/Maxobjs  Memory / Maxmem  Fullness 
------------       ---------------  ---------------  -------- 
models                   1/1024           48/49152    ( 0.1%) 
brushes                665/8192         7980/98304    ( 8.1%) 
brushsides            4098/65536       32784/524288   ( 6.3%) 
planes                 982/65536       19640/1310720  ( 1.5%) 
vertexes              5240/65536       62880/786432   ( 8.0%) 
nodes                 2163/65536       69216/2097152  ( 3.3%) 
texinfos               307/12288       22104/884736   ( 2.5%) 
texdata                  3/2048           96/65536    ( 0.1%) 
dispinfos                0/0               0/0        ( 0.0%) 
disp_verts               0/0               0/0        ( 0.0%) 
disp_tris                0/0               0/0        ( 0.0%) 
disp_lmsamples           0/0               0/0        ( 0.0%) 
faces                 3595/65536      201320/3670016  ( 5.5%) 
hdr faces                0/65536           0/3670016  ( 0.0%) 
origfaces             2225/65536      124600/3670016  ( 3.4%) 
leaves                2165/65536       69280/2097152  ( 3.3%) 
leaffaces             3958/65536        7916/131072   ( 6.0%) 
leafbrushes           1589/65536        3178/131072   ( 2.4%) 
areas                    2/256            16/2048     ( 0.8%) 
surfedges            25209/512000     100836/2048000  ( 4.9%) 
edges                14455/256000      57820/1024000  ( 5.6%) 
LDR worldlights         51/8192         4488/720896   ( 0.6%) 
HDR worldlights          0/8192            0/720896   ( 0.0%) 
leafwaterdata            0/32768           0/393216   ( 0.0%) 
waterstrips            338/32768        3380/327680   ( 1.0%) 
waterverts               0/65536           0/786432   ( 0.0%) 
waterindices          4656/65536        9312/131072   ( 7.1%) 
cubemapsamples           0/1024            0/16384    ( 0.0%) 
overlays                 0/512             0/180224   ( 0.0%) 
LDR lightdata         [variable]     1169096/0        ( 0.0%) 
HDR lightdata         [variable]           0/0        ( 0.0%) 
visdata               [variable]      269937/16777216 ( 1.6%) 
entdata               [variable]       11545/393216   ( 2.9%) 
LDR ambient table     2165/65536        8660/262144   ( 3.3%) 
HDR ambient table     2165/65536        8660/262144   ( 3.3%) 
LDR leaf ambient      1054/65536       29512/1835008  ( 1.6%) 
HDR leaf ambient      2165/65536       60620/1835008  ( 3.3%) 
occluders                0/0               0/0        ( 0.0%) 
occluder polygons        0/0               0/0        ( 0.0%) 
occluder vert ind        0/0               0/0        ( 0.0%) 
detail props          [variable]           1/12       ( 8.3%) 
static props          [variable]           1/12       ( 8.3%) 
pakfile               [variable]      105679/0        ( 0.0%) 
physics               [variable]      229250/4194304  ( 5.5%) 
physics terrain       [variable]           2/1048576  ( 0.0%) 

Level flags = 0

Total triangle count: 9219
Writing c:\users\dfolkes\documents\github\rva-hammer-maps\reproduction\reproduction.bsp
36 seconds elapsed



materialPath: C:\Program Files\Steam\steamapps\danfolkes\team fortress 2\tf\materials
Loading H:\code\git\rva-hammer-maps\reproduction\reproduction.vmf
fixing up env_cubemap materials on brush sides...
0...1...2...3...4...5...6...7...8...9...10
FindPortalSide: Couldn't find a good match for which brush to assign to a portal near (-208.0 656.0 67.0)
Leaf 0 contents: CONTENTS_SOLID 
Leaf 1 contents: 
viscontents (node 0 contents ^ node 1 contents): CONTENTS_SOLID 
This means that none of the brushes in leaf 0 or 1 that touches the portal has CONTENTS_SOLID 
Check for a huge brush enclosing the coordinates above that has contents CONTENTS_SOLID 
Candidate brush IDs: Brush 5315: 


FindPortalSide: Couldn't find a good match for which brush to assign to a portal near (-199.9 656.0 64.0)
Leaf 0 contents: CONTENTS_SOLID 
Leaf 1 contents: 
viscontents (node 0 contents ^ node 1 contents): CONTENTS_SOLID 
This means that none of the brushes in leaf 0 or 1 that touches the portal has CONTENTS_SOLID 
Check for a huge brush enclosing the coordinates above that has contents CONTENTS_SOLID 
Candidate brush IDs: Brush 5315: 

0...1...2...3...4...5...6...7...8...9...10
FindPortalSide: Couldn't find a good match for which brush to assign to a portal near (-208.0 656.0 1.0)
Leaf 0 contents: CONTENTS_SOLID 
Leaf 1 contents: 
viscontents (node 0 contents ^ node 1 contents): CONTENTS_SOLID 
This means that none of the brushes in leaf 0 or 1 that touches the portal has CONTENTS_SOLID 
Check for a huge brush enclosing the coordinates above that has contents CONTENTS_SOLID 
Candidate brush IDs: Brush 5315: 


FindPortalSide: Couldn't find a good match for which brush to assign to a portal near (-199.9 656.0 64.0)
Leaf 0 contents: 
Leaf 1 contents: CONTENTS_SOLID 
viscontents (node 0 contents ^ node 1 contents): CONTENTS_SOLID 
This means that none of the brushes in leaf 0 or 1 that touches the portal has CONTENTS_SOLID 
Check for a huge brush enclosing the coordinates above that has contents CONTENTS_SOLID 
Candidate brush IDs: Brush 5315: 

Processing areas...done (0)
Building Faces...done (0)
FixTjuncs...
PruneNodes...
WriteBSP...
done (0)
writing H:\code\git\rva-hammer-maps\reproduction\reproduction.prt...Building visibility clusters...
done (0)
Creating default LDR cubemaps for env_cubemap using skybox materials:
   skybox/sky_day01_01*.vmt
 ! Run buildcubemaps in the engine to get the correct cube maps.
Creating default HDR cubemaps for env_cubemap using skybox materials:
   skybox/sky_day01_01*.vmt
 ! Run buildcubemaps in the engine to get the correct cube maps.
Finding displacement neighbors...
Finding lightmap sample positions...
Displacement Alpha : 0...1...2...3...4...5...6...7...8...9...10
Building Physics collision data...
done (0) (229282 bytes)
Placing detail props : 0...1...2...3...4...5...6...7...8...9...10
Compacting texture/material tables...
Reduced 317 texinfos to 307
Reduced 3 texdatas to 3 (72 bytes to 72)
Writing H:\code\git\rva-hammer-maps\reproduction\reproduction.bsp
21 seconds elapsed



[Reading texlights from 'lights.rad']
[34 texlights parsed from 'lights.rad']

Loading h:\code\git\rva-hammer-maps\reproduction\reproduction.bsp
No vis information, direct lighting only.
3483 faces
978297 square feet [140874816.00 square inches]
0 Displacements
0 Square Feet [0.00 Square Inches]
51 direct lights
0...1...2...3...4...5...6...7...8...9...10Build Patch/Sample Hash Table(s).....Done<0.0144 sec>
0...1...2...3...4...5...6...7...8...9...10FinalLightFace Done
0 of 0 (0% of) surface lights went in leaf ambient cubes.
0...1...2...3...4...5...6...7...8...9...10Writing leaf ambient...done
Ready to Finish

Object names       Objects/Maxobjs  Memory / Maxmem  Fullness 
------------       ---------------  ---------------  -------- 
models                   1/1024           48/49152    ( 0.1%) 
brushes                665/8192         7980/98304    ( 8.1%) 
brushsides            4100/65536       32800/524288   ( 6.3%) 
planes                 986/65536       19720/1310720  ( 1.5%) 
vertexes              5040/65536       60480/786432   ( 7.7%) 
nodes                 2156/65536       68992/2097152  ( 3.3%) 
texinfos               307/12288       22104/884736   ( 2.5%) 
texdata                  3/2048           96/65536    ( 0.1%) 
dispinfos                0/0               0/0        ( 0.0%) 
disp_verts               0/0               0/0        ( 0.0%) 
disp_tris                0/0               0/0        ( 0.0%) 
disp_lmsamples           0/0               0/0        ( 0.0%) 
faces                 3483/65536      195048/3670016  ( 5.3%) 
hdr faces                0/65536           0/3670016  ( 0.0%) 
origfaces             2210/65536      123760/3670016  ( 3.4%) 
leaves                2158/65536       69056/2097152  ( 3.3%) 
leaffaces             3799/65536        7598/131072   ( 5.8%) 
leafbrushes           1462/65536        2924/131072   ( 2.2%) 
areas                    2/256            16/2048     ( 0.8%) 
surfedges            24589/512000      98356/2048000  ( 4.8%) 
edges                14162/256000      56648/1024000  ( 5.5%) 
LDR worldlights         51/8192         4488/720896   ( 0.6%) 
HDR worldlights          0/8192            0/720896   ( 0.0%) 
leafwaterdata            0/32768           0/393216   ( 0.0%) 
waterstrips            344/32768        3440/327680   ( 1.0%) 
waterverts               0/65536           0/786432   ( 0.0%) 
waterindices          4611/65536        9222/131072   ( 7.0%) 
cubemapsamples           0/1024            0/16384    ( 0.0%) 
overlays                 0/512             0/180224   ( 0.0%) 
LDR lightdata         [variable]     1157936/0        ( 0.0%) 
HDR lightdata         [variable]           0/0        ( 0.0%) 
visdata               [variable]           0/16777216 ( 0.0%) 
entdata               [variable]       11192/393216   ( 2.8%) 
LDR ambient table     2158/65536        8632/262144   ( 3.3%) 
HDR ambient table     2158/65536        8632/262144   ( 3.3%) 
LDR leaf ambient      1048/65536       29344/1835008  ( 1.6%) 
HDR leaf ambient      2158/65536       60424/1835008  ( 3.3%) 
occluders                0/0               0/0        ( 0.0%) 
occluder polygons        0/0               0/0        ( 0.0%) 
occluder vert ind        0/0               0/0        ( 0.0%) 
detail props          [variable]           1/12       ( 8.3%) 
static props          [variable]           1/12       ( 8.3%) 
pakfile               [variable]      105679/0        ( 0.0%) 
physics               [variable]      229282/4194304  ( 5.5%) 
physics terrain       [variable]           2/1048576  ( 0.0%) 

Level flags = 0

Total triangle count: 8883
Writing h:\code\git\rva-hammer-maps\reproduction\reproduction.bsp
1 minute, 20 seconds elapsed



materialPath: C:\Program Files\Steam\steamapps\danfolkes\team fortress 2\tf\materials
Loading H:\code\git\rva-hammer-maps\reproduction\reproduction.vmf
fixing up env_cubemap materials on brush sides...
0...1...2...3...4...5...6...7...8...9...10
FindPortalSide: Couldn't find a good match for which brush to assign to a portal near (-208.0 656.0 67.0)
Leaf 0 contents: CONTENTS_SOLID 
Leaf 1 contents: 
viscontents (node 0 contents ^ node 1 contents): CONTENTS_SOLID 
This means that none of the brushes in leaf 0 or 1 that touches the portal has CONTENTS_SOLID 
Check for a huge brush enclosing the coordinates above that has contents CONTENTS_SOLID 
Candidate brush IDs: Brush 5315: 


FindPortalSide: Couldn't find a good match for which brush to assign to a portal near (-199.9 656.0 64.0)
Leaf 0 contents: CONTENTS_SOLID 
Leaf 1 contents: 
viscontents (node 0 contents ^ node 1 contents): CONTENTS_SOLID 
This means that none of the brushes in leaf 0 or 1 that touches the portal has CONTENTS_SOLID 
Check for a huge brush enclosing the coordinates above that has contents CONTENTS_SOLID 
Candidate brush IDs: Brush 5315: 

0...1...2...3...4...5...6...7...8...9...10
FindPortalSide: Couldn't find a good match for which brush to assign to a portal near (-208.0 656.0 1.0)
Leaf 0 contents: CONTENTS_SOLID 
Leaf 1 contents: 
viscontents (node 0 contents ^ node 1 contents): CONTENTS_SOLID 
This means that none of the brushes in leaf 0 or 1 that touches the portal has CONTENTS_SOLID 
Check for a huge brush enclosing the coordinates above that has contents CONTENTS_SOLID 
Candidate brush IDs: Brush 5315: 


FindPortalSide: Couldn't find a good match for which brush to assign to a portal near (-199.9 656.0 64.0)
Leaf 0 contents: 
Leaf 1 contents: CONTENTS_SOLID 
viscontents (node 0 contents ^ node 1 contents): CONTENTS_SOLID 
This means that none of the brushes in leaf 0 or 1 that touches the portal has CONTENTS_SOLID 
Check for a huge brush enclosing the coordinates above that has contents CONTENTS_SOLID 
Candidate brush IDs: Brush 5315: 

Processing areas...done (0)
Building Faces...done (0)
FixTjuncs...
PruneNodes...
WriteBSP...
done (0)
writing H:\code\git\rva-hammer-maps\reproduction\reproduction.prt...Building visibility clusters...
done (0)
Creating default LDR cubemaps for env_cubemap using skybox materials:
   skybox/sky_day01_01*.vmt
 ! Run buildcubemaps in the engine to get the correct cube maps.
Creating default HDR cubemaps for env_cubemap using skybox materials:
   skybox/sky_day01_01*.vmt
 ! Run buildcubemaps in the engine to get the correct cube maps.
Finding displacement neighbors...
Finding lightmap sample positions...
Displacement Alpha : 0...1...2...3...4...5...6...7...8...9...10
Building Physics collision data...
done (0) (229282 bytes)
Placing detail props : 0...1...2...3...4...5...6...7...8...9...10
Compacting texture/material tables...
Reduced 317 texinfos to 307
Reduced 3 texdatas to 3 (72 bytes to 72)
Writing H:\code\git\rva-hammer-maps\reproduction\reproduction.bsp
12 seconds elapsed



2 threads
reading h:\code\git\rva-hammer-maps\reproduction\reproduction.bsp
reading h:\code\git\rva-hammer-maps\reproduction\reproduction.prt
1048 portalclusters
3337 numportals
0...1...2...3...4...5...6...7...8...9...10Optimized: 11692 visible clusters (1.50%)
Total clusters visible: 778744
Average clusters visible: 743
Building PAS...
Average clusters audible: 884
visdatasize:266989  compressed from 285056
writing h:\code\git\rva-hammer-maps\reproduction\reproduction.bsp
22 seconds elapsed



materialPath: C:\Program Files\Steam\steamapps\danfolkes\team fortress 2\tf\materials
Loading H:\Code\git\rva-hammer-maps\reproduction\reproduction.vmf
Patching WVT material: maps/reproduction/coalmines/blendgroundtograss_coalmines_wvt_patch
fixing up env_cubemap materials on brush sides...
0...1...2...3...4...5...6...7...8...9...10
FindPortalSide: Couldn't find a good match for which brush to assign to a portal near (-208.0 656.0 67.0)
Leaf 0 contents: CONTENTS_SOLID 
Leaf 1 contents: 
viscontents (node 0 contents ^ node 1 contents): CONTENTS_SOLID 
This means that none of the brushes in leaf 0 or 1 that touches the portal has CONTENTS_SOLID 
Check for a huge brush enclosing the coordinates above that has contents CONTENTS_SOLID 
Candidate brush IDs: Brush 5315: 


FindPortalSide: Couldn't find a good match for which brush to assign to a portal near (-199.9 656.0 64.0)
Leaf 0 contents: CONTENTS_SOLID 
Leaf 1 contents: 
viscontents (node 0 contents ^ node 1 contents): CONTENTS_SOLID 
This means that none of the brushes in leaf 0 or 1 that touches the portal has CONTENTS_SOLID 
Check for a huge brush enclosing the coordinates above that has contents CONTENTS_SOLID 
Candidate brush IDs: Brush 5315: 

0...1...2...3...4...5...6...7...8...9...10
FindPortalSide: Couldn't find a good match for which brush to assign to a portal near (-208.0 656.0 1.0)
Leaf 0 contents: CONTENTS_SOLID 
Leaf 1 contents: 
viscontents (node 0 contents ^ node 1 contents): CONTENTS_SOLID 
This means that none of the brushes in leaf 0 or 1 that touches the portal has CONTENTS_SOLID 
Check for a huge brush enclosing the coordinates above that has contents CONTENTS_SOLID 
Candidate brush IDs: Brush 5315: 


FindPortalSide: Couldn't find a good match for which brush to assign to a portal near (-199.9 656.0 64.0)
Leaf 0 contents: 
Leaf 1 contents: CONTENTS_SOLID 
viscontents (node 0 contents ^ node 1 contents): CONTENTS_SOLID 
This means that none of the brushes in leaf 0 or 1 that touches the portal has CONTENTS_SOLID 
Check for a huge brush enclosing the coordinates above that has contents CONTENTS_SOLID 
Candidate brush IDs: Brush 5315: 

Processing areas...done (0)
Building Faces...done (0)
FixTjuncs...
PruneNodes...
WriteBSP...
done (0)
writing H:\Code\git\rva-hammer-maps\reproduction\reproduction.prt...Building visibility clusters...
done (1)
Creating default LDR cubemaps for env_cubemap using skybox materials:
   skybox/sky_day01_01*.vmt
 ! Run buildcubemaps in the engine to get the correct cube maps.
Creating default HDR cubemaps for env_cubemap using skybox materials:
   skybox/sky_day01_01*.vmt
 ! Run buildcubemaps in the engine to get the correct cube maps.
Finding displacement neighbors...
Finding lightmap sample positions...
Displacement Alpha : 0...1...2...3...4...5...6...7...8...9...10
Building Physics collision data...
done (0) (229389 bytes)
Placing detail props : 0...1...2...3...4...5...6...7...8...9...10
Compacting texture/material tables...
Reduced 521 texinfos to 411
Reduced 5 texdatas to 4 (178 bytes to 139)
Writing H:\Code\git\rva-hammer-maps\reproduction\reproduction.bsp
23 seconds elapsed



[Reading texlights from 'lights.rad']
[34 texlights parsed from 'lights.rad']

Loading h:\code\git\rva-hammer-maps\reproduction\reproduction.bsp
No vis information, direct lighting only.
3498 faces
978795 square feet [140946608.00 square inches]
0 Displacements
0 Square Feet [0.00 Square Inches]
51 direct lights
0...1...2...3...4...5...6...7...8...9...10Build Patch/Sample Hash Table(s).....Done<0.0214 sec>
0...1...2...3...4...5...6...7...8...9...10FinalLightFace Done
0 of 0 (0% of) surface lights went in leaf ambient cubes.
0...1...2...3...4...5...6...7...8...9...10Writing leaf ambient...done
Ready to Finish

Object names       Objects/Maxobjs  Memory / Maxmem  Fullness 
------------       ---------------  ---------------  -------- 
models                   1/1024           48/49152    ( 0.1%) 
brushes                665/8192         7980/98304    ( 8.1%) 
brushsides            4100/65536       32800/524288   ( 6.3%) 
planes                 992/65536       19840/1310720  ( 1.5%) 
vertexes              5059/65536       60708/786432   ( 7.7%) 
nodes                 2161/65536       69152/2097152  ( 3.3%) 
texinfos               411/12288       29592/884736   ( 3.3%) 
texdata                  4/2048          128/65536    ( 0.2%) 
dispinfos                0/0               0/0        ( 0.0%) 
disp_verts               0/0               0/0        ( 0.0%) 
disp_tris                0/0               0/0        ( 0.0%) 
disp_lmsamples           0/0               0/0        ( 0.0%) 
faces                 3498/65536      195888/3670016  ( 5.3%) 
hdr faces                0/65536           0/3670016  ( 0.0%) 
origfaces             2217/65536      124152/3670016  ( 3.4%) 
leaves                2163/65536       69216/2097152  ( 3.3%) 
leaffaces             3802/65536        7604/131072   ( 5.8%) 
leafbrushes           1456/65536        2912/131072   ( 2.2%) 
areas                    2/256            16/2048     ( 0.8%) 
surfedges            24696/512000      98784/2048000  ( 4.8%) 
edges                14238/256000      56952/1024000  ( 5.6%) 
LDR worldlights         51/8192         4488/720896   ( 0.6%) 
HDR worldlights          0/8192            0/720896   ( 0.0%) 
leafwaterdata            0/32768           0/393216   ( 0.0%) 
waterstrips            350/32768        3500/327680   ( 1.1%) 
waterverts               0/65536           0/786432   ( 0.0%) 
waterindices          4734/65536        9468/131072   ( 7.2%) 
cubemapsamples           0/1024            0/16384    ( 0.0%) 
overlays                 0/512             0/180224   ( 0.0%) 
LDR lightdata         [variable]     1492252/0        ( 0.0%) 
HDR lightdata         [variable]           0/0        ( 0.0%) 
visdata               [variable]           0/16777216 ( 0.0%) 
entdata               [variable]       11101/393216   ( 2.8%) 
LDR ambient table     2163/65536        8652/262144   ( 3.3%) 
HDR ambient table     2163/65536        8652/262144   ( 3.3%) 
LDR leaf ambient      1054/65536       29512/1835008  ( 1.6%) 
HDR leaf ambient      2163/65536       60564/1835008  ( 3.3%) 
occluders                0/0               0/0        ( 0.0%) 
occluder polygons        0/0               0/0        ( 0.0%) 
occluder vert ind        0/0               0/0        ( 0.0%) 
detail props          [variable]           1/12       ( 8.3%) 
static props          [variable]           1/12       ( 8.3%) 
pakfile               [variable]      106161/0        ( 0.0%) 
physics               [variable]      229389/4194304  ( 5.5%) 
physics terrain       [variable]           2/1048576  ( 0.0%) 

Level flags = 0

Total triangle count: 8931
Writing h:\code\git\rva-hammer-maps\reproduction\reproduction.bsp
1 minute, 13 seconds elapsed
